<?xml version="1.0" encoding="UTF-8"?>
<!-- Generated by org.testng.reporters.JUnitReportReporter -->
<testsuite hostname="DESKTOP-1CDS4ET" failures="0" tests="3" name="tests.GithubFlow" time="10.488" errors="0" timestamp="04 Oct 2021 19:33:35 GMT" skipped="1">
  <testcase classname="tests.GithubFlow" name="login" time="3.374"/>
  <testcase classname="tests.GithubFlow" name="deleteRepor" time="7.114"/>
  <testcase classname="tests.GithubFlow" name="createRepo">
    <skipped/>
  </testcase> <!-- createRepo -->
</testsuite> <!-- tests.GithubFlow -->
